<?xml version="1.0" encoding="UTF-8"?>
<!-- Generated by org.testng.reporters.JUnitReportReporter -->
<testsuite hostname="Karthik" failures="0" tests="1" name="sample.Sample2" time="0.007" errors="0" timestamp="2024-08-28T09:54:27 IST" skipped="0">
  <testcase classname="sample.Sample2" name="ContainsLevelComparison" time="0.007"/>
  <system-out/>
</testsuite> <!-- sample.Sample2 -->
