<?xml version="1.0" encoding="UTF-8"?>
<!-- Generated by org.testng.reporters.JUnitReportReporter -->
<testsuite hostname="Karthik" failures="0" tests="1" name="tc_Repository.LE_04" time="21.074" errors="0" timestamp="2024-08-30T15:53:58 IST" skipped="0">
  <testcase classname="tc_Repository.LE_04" name="le_04" time="21.074"/>
  <system-out>
    <![CDATA[from thisle_04Exdecution Starts!!
le_04execution successfll!!]]>
  </system-out>
</testsuite> <!-- tc_Repository.LE_04 -->
