<?xml version="1.0" encoding="UTF-8"?>
<!-- Generated by org.testng.reporters.JUnitReportReporter -->
<testsuite hostname="Karthik" failures="0" tests="1" name="tc_Repository.Org_02" time="19.009" errors="0" timestamp="2024-08-30T11:08:31 IST" skipped="0">
  <testcase classname="tc_Repository.Org_02" name="Org_02" time="19.009"/>
  <system-out/>
</testsuite> <!-- tc_Repository.Org_02 -->
