<?xml version="1.0" encoding="UTF-8"?>
<!-- Generated by org.testng.reporters.JUnitReportReporter -->
<testsuite hostname="Karthik" failures="0" tests="1" name="tc_Repository.LE_02" time="22.563" errors="0" timestamp="2024-08-30T15:53:58 IST" skipped="0">
  <testcase classname="tc_Repository.LE_02" name="le_02Case" time="22.563"/>
  <system-out>
    <![CDATA[from thisle_02CaseExdecution Starts!!
le_02Caseexecution successfll!!]]>
  </system-out>
</testsuite> <!-- tc_Repository.LE_02 -->
