<?xml version="1.0" encoding="UTF-8"?>
<!-- Generated by org.testng.reporters.JUnitReportReporter -->
<testsuite hostname="Karthik" failures="0" tests="1" name="tc_Repository.LE_03" time="21.961" errors="0" timestamp="2024-08-30T15:53:58 IST" skipped="0">
  <testcase classname="tc_Repository.LE_03" name="le_03" time="21.961"/>
  <system-out>
    <![CDATA[from thisle_03Exdecution Starts!!
le_03execution successfll!!]]>
  </system-out>
</testsuite> <!-- tc_Repository.LE_03 -->
