<?xml version="1.0" encoding="UTF-8"?>
<!-- Generated by org.testng.reporters.JUnitReportReporter -->
<testsuite hostname="Karthik" failures="0" tests="5" name="sample.Sample1" time="0.014" errors="0" timestamp="2024-08-28T14:03:45 IST" skipped="0">
  <testcase classname="sample.Sample1" name="ModifyUser" time="0.001"/>
  <system-out/>
  <testcase classname="sample.Sample1" name="DeleteUser" time="0.008"/>
  <system-out/>
  <testcase classname="sample.Sample1" name="DeleteUser" time="0.003"/>
  <system-out/>
  <testcase classname="sample.Sample1" name="DeleteUser" time="0.001"/>
  <system-out/>
  <testcase classname="sample.Sample1" name="CreateUser" time="0.001"/>
  <system-out/>
</testsuite> <!-- sample.Sample1 -->
