<?xml version="1.0" encoding="UTF-8"?>
<!-- Generated by org.testng.reporters.JUnitReportReporter -->
<testsuite hostname="Karthik" failures="0" tests="1" name="tc_Repository.Org_01" time="18.747" errors="0" timestamp="2024-08-30T10:53:26 IST" skipped="0">
  <testcase classname="tc_Repository.Org_01" name="org_01" time="18.747"/>
  <system-out/>
</testsuite> <!-- tc_Repository.Org_01 -->
